<?xml version="1.0" encoding="UTF-8"?>
<!-- Generated by org.testng.reporters.JUnitReportReporter -->
<testsuite skipped="0" hostname="LAPTOP-1IA10FT6" name="com.houseboat.pages.InitialTest" tests="1" failures="0" timestamp="2020-04-22T23:58:48 IST" time="3.003" errors="1">
  <testcase name="openUrl" time="3.003" classname="com.houseboat.pages.InitialTest">
    <error type="org.openqa.selenium.SessionNotCreatedException" message="session not created: This version of ChromeDriver only supports Chrome version 79
Build info: version: &#039;3.141.59&#039;, revision: &#039;e82be7d358&#039;, time: &#039;2018-11-14T08:17:03&#039;
System info: host: &#039;LAPTOP-1IA10FT6&#039;, ip: &#039;192.168.1.12&#039;, os.name: &#039;Windows 10&#039;, os.arch: &#039;amd64&#039;, os.version: &#039;10.0&#039;, java.version: &#039;1.8.0_131&#039;
Driver info: driver.version: ChromeDriver
remote stacktrace: Backtrace:
	Ordinal0 [0x00E4A113+1548563]
	Ordinal0 [0x00DCDDA1+1039777]
	Ordinal0 [0x00D4E485+517253]
	Ordinal0 [0x00CDFD34+64820]
	Ordinal0 [0x00CDC61E+50718]
	Ordinal0 [0x00CFB797+178071]
	Ordinal0 [0x00CFB59D+177565]
	Ordinal0 [0x00CF95FB+169467]
	Ordinal0 [0x00CE160A+71178]
	Ordinal0 [0x00CE2690+75408]
	Ordinal0 [0x00CE2629+75305]
	Ordinal0 [0x00DE71B7+1143223]
	GetHandleVerifier [0x00EE2B46+507814]
	GetHandleVerifier [0x00EE2864+507076]
	GetHandleVerifier [0x00EE9F47+537511]
	GetHandleVerifier [0x00EE3402+510050]
	Ordinal0 [0x00DDF29C+1110684]
	Ordinal0 [0x00DE938B+1151883]
	Ordinal0 [0x00DE94F3+1152243]
	Ordinal0 [0x00DE83F5+1147893]
	BaseThreadInitThunk [0x770C6359+25]
	RtlGetAppContainerNamedObjectPath [0x77807B74+228]
	RtlGetAppContainerNamedObjectPath [0x77807B44+180]
">
      <![CDATA[org.openqa.selenium.SessionNotCreatedException: session not created: This version of ChromeDriver only supports Chrome version 79
Build info: version: '3.141.59', revision: 'e82be7d358', time: '2018-11-14T08:17:03'
System info: host: 'LAPTOP-1IA10FT6', ip: '192.168.1.12', os.name: 'Windows 10', os.arch: 'amd64', os.version: '10.0', java.version: '1.8.0_131'
Driver info: driver.version: ChromeDriver
remote stacktrace: Backtrace:
Ordinal0 [0x00E4A113+1548563]
Ordinal0 [0x00DCDDA1+1039777]
Ordinal0 [0x00D4E485+517253]
Ordinal0 [0x00CDFD34+64820]
Ordinal0 [0x00CDC61E+50718]
Ordinal0 [0x00CFB797+178071]
Ordinal0 [0x00CFB59D+177565]
Ordinal0 [0x00CF95FB+169467]
Ordinal0 [0x00CE160A+71178]
Ordinal0 [0x00CE2690+75408]
Ordinal0 [0x00CE2629+75305]
Ordinal0 [0x00DE71B7+1143223]
GetHandleVerifier [0x00EE2B46+507814]
GetHandleVerifier [0x00EE2864+507076]
GetHandleVerifier [0x00EE9F47+537511]
GetHandleVerifier [0x00EE3402+510050]
Ordinal0 [0x00DDF29C+1110684]
Ordinal0 [0x00DE938B+1151883]
Ordinal0 [0x00DE94F3+1152243]
Ordinal0 [0x00DE83F5+1147893]
BaseThreadInitThunk [0x770C6359+25]
RtlGetAppContainerNamedObjectPath [0x77807B74+228]
RtlGetAppContainerNamedObjectPath [0x77807B44+180]

at sun.reflect.NativeConstructorAccessorImpl.newInstance0(Native Method)
at sun.reflect.NativeConstructorAccessorImpl.newInstance(Unknown Source)
at sun.reflect.DelegatingConstructorAccessorImpl.newInstance(Unknown Source)
at java.lang.reflect.Constructor.newInstance(Unknown Source)
at org.openqa.selenium.remote.W3CHandshakeResponse.lambda$errorHandler$0(W3CHandshakeResponse.java:62)
at org.openqa.selenium.remote.HandshakeResponse.lambda$getResponseFunction$0(HandshakeResponse.java:30)
at org.openqa.selenium.remote.ProtocolHandshake.lambda$createSession$0(ProtocolHandshake.java:126)
at java.util.stream.ReferencePipeline$3$1.accept(Unknown Source)
at java.util.Spliterators$ArraySpliterator.tryAdvance(Unknown Source)
at java.util.stream.ReferencePipeline.forEachWithCancel(Unknown Source)
at java.util.stream.AbstractPipeline.copyIntoWithCancel(Unknown Source)
at java.util.stream.AbstractPipeline.copyInto(Unknown Source)
at java.util.stream.AbstractPipeline.wrapAndCopyInto(Unknown Source)
at java.util.stream.FindOps$FindOp.evaluateSequential(Unknown Source)
at java.util.stream.AbstractPipeline.evaluate(Unknown Source)
at java.util.stream.ReferencePipeline.findFirst(Unknown Source)
at org.openqa.selenium.remote.ProtocolHandshake.createSession(ProtocolHandshake.java:128)
at org.openqa.selenium.remote.ProtocolHandshake.createSession(ProtocolHandshake.java:74)
at org.openqa.selenium.remote.HttpCommandExecutor.execute(HttpCommandExecutor.java:136)
at org.openqa.selenium.remote.service.DriverCommandExecutor.execute(DriverCommandExecutor.java:83)
at org.openqa.selenium.remote.RemoteWebDriver.execute(RemoteWebDriver.java:552)
at org.openqa.selenium.remote.RemoteWebDriver.startSession(RemoteWebDriver.java:213)
at org.openqa.selenium.remote.RemoteWebDriver.<init>(RemoteWebDriver.java:131)
at org.openqa.selenium.chrome.ChromeDriver.<init>(ChromeDriver.java:181)
at org.openqa.selenium.chrome.ChromeDriver.<init>(ChromeDriver.java:168)
at org.openqa.selenium.chrome.ChromeDriver.<init>(ChromeDriver.java:157)
at resources.DriverInitialisation.initializeDriver(DriverInitialisation.java:47)
at com.houseboat.pages.InitialTest.openUrl(InitialTest.java:15)
at sun.reflect.NativeMethodAccessorImpl.invoke0(Native Method)
at sun.reflect.NativeMethodAccessorImpl.invoke(Unknown Source)
at sun.reflect.DelegatingMethodAccessorImpl.invoke(Unknown Source)
at java.lang.reflect.Method.invoke(Unknown Source)
at org.testng.internal.MethodInvocationHelper.invokeMethod(MethodInvocationHelper.java:134)
at org.testng.internal.MethodInvocationHelper.invokeMethodConsideringTimeout(MethodInvocationHelper.java:63)
at org.testng.internal.ConfigInvoker.invokeConfigurationMethod(ConfigInvoker.java:348)
at org.testng.internal.ConfigInvoker.invokeConfigurations(ConfigInvoker.java:302)
at org.testng.TestRunner.invokeTestConfigurations(TestRunner.java:619)
at org.testng.TestRunner.beforeRun(TestRunner.java:609)
at org.testng.TestRunner.run(TestRunner.java:580)
at org.testng.SuiteRunner.runTest(SuiteRunner.java:384)
at org.testng.SuiteRunner.runSequentially(SuiteRunner.java:378)
at org.testng.SuiteRunner.privateRun(SuiteRunner.java:337)
at org.testng.SuiteRunner.run(SuiteRunner.java:286)
at org.testng.SuiteRunnerWorker.runSuite(SuiteRunnerWorker.java:53)
at org.testng.SuiteRunnerWorker.run(SuiteRunnerWorker.java:96)
at org.testng.TestNG.runSuitesSequentially(TestNG.java:1187)
at org.testng.TestNG.runSuitesLocally(TestNG.java:1109)
at org.testng.TestNG.runSuites(TestNG.java:1039)
at org.testng.TestNG.run(TestNG.java:1007)
at org.testng.remote.AbstractRemoteTestNG.run(AbstractRemoteTestNG.java:115)
at org.testng.remote.RemoteTestNG.initAndRun(RemoteTestNG.java:251)
at org.testng.remote.RemoteTestNG.main(RemoteTestNG.java:77)
]]>
    </error>
  </testcase> <!-- openUrl -->
  <system-out/>
</testsuite> <!-- com.houseboat.pages.InitialTest -->
